<?xml version="1.0" encoding="UTF-8"?>
<testng-results skipped="0" failed="0" total="1" passed="1">
  <reporter-output>
  </reporter-output>
  <suite name="Default suite" duration-ms="460" started-at="2018-11-20T06:02:43Z" finished-at="2018-11-20T06:02:43Z">
    <groups>
    </groups>
    <test name="Default test" duration-ms="460" started-at="2018-11-20T06:02:43Z" finished-at="2018-11-20T06:02:43Z">
      <class name="com.objectfrontier.training.java.service.test.AddressServiceTest">
        <test-method status="PASS" signature="createConnection()[pri:0, instance:com.objectfrontier.training.java.service.test.AddressServiceTest@647fd8ce]" name="createConnection" is-config="true" duration-ms="389" started-at="2018-11-20T11:32:43Z" finished-at="2018-11-20T11:32:43Z">
          <reporter-output>
          </reporter-output>
        </test-method> <!-- createConnection -->
        <test-method status="PASS" signature="testDelete_negative(com.objectfrontier.training.java.service.pojo.Address, java.lang.String)[pri:8, instance:com.objectfrontier.training.java.service.test.AddressServiceTest@647fd8ce]" name="testDelete_negative" duration-ms="52" started-at="2018-11-20T11:32:43Z" data-provider="testDeleteNegative" finished-at="2018-11-20T11:32:43Z">
          <params>
            <param index="0">
              <value>
                <![CDATA[Address [street=null, city=null, postalCode=0]]]>
              </value>
            </param>
            <param index="1">
              <value>
                <![CDATA[Nothing found in the given ID]]>
              </value>
            </param>
          </params>
          <reporter-output>
          </reporter-output>
        </test-method> <!-- testDelete_negative -->
        <test-method status="PASS" signature="closeConnection()[pri:0, instance:com.objectfrontier.training.java.service.test.AddressServiceTest@647fd8ce]" name="closeConnection" is-config="true" duration-ms="0" started-at="2018-11-20T11:32:43Z" finished-at="2018-11-20T11:32:43Z">
          <reporter-output>
          </reporter-output>
        </test-method> <!-- closeConnection -->
      </class> <!-- com.objectfrontier.training.java.service.test.AddressServiceTest -->
    </test> <!-- Default test -->
  </suite> <!-- Default suite -->
</testng-results>
