<?xml version="1.0" encoding="UTF-8"?>
<testng-results skipped="0" failed="2" total="8" passed="6">
  <reporter-output>
  </reporter-output>
  <suite name="Default suite" duration-ms="502" started-at="2018-10-31T09:28:39Z" finished-at="2018-10-31T09:28:39Z">
    <groups>
    </groups>
    <test name="Default test" duration-ms="502" started-at="2018-10-31T09:28:39Z" finished-at="2018-10-31T09:28:39Z">
      <class name="com.objectfrontier.training.java.jdbc.test.AddressServiceTest">
        <test-method status="PASS" signature="init()[pri:0, instance:com.objectfrontier.training.java.jdbc.test.AddressServiceTest@234bef66]" name="init" is-config="true" duration-ms="16" started-at="2018-10-31T14:58:39Z" finished-at="2018-10-31T14:58:39Z">
          <reporter-output>
          </reporter-output>
        </test-method> <!-- init -->
        <test-method status="PASS" signature="testCreate_negative()[pri:0, instance:com.objectfrontier.training.java.jdbc.test.AddressServiceTest@234bef66]" name="testCreate_negative" duration-ms="297" started-at="2018-10-31T14:58:39Z" finished-at="2018-10-31T14:58:39Z">
          <reporter-output>
          </reporter-output>
        </test-method> <!-- testCreate_negative -->
        <test-method status="PASS" signature="testCreate_positive()[pri:0, instance:com.objectfrontier.training.java.jdbc.test.AddressServiceTest@234bef66]" name="testCreate_positive" duration-ms="32" started-at="2018-10-31T14:58:39Z" finished-at="2018-10-31T14:58:39Z">
          <reporter-output>
          </reporter-output>
        </test-method> <!-- testCreate_positive -->
        <test-method status="PASS" signature="testDelete_negative()[pri:0, instance:com.objectfrontier.training.java.jdbc.test.AddressServiceTest@234bef66]" name="testDelete_negative" duration-ms="16" started-at="2018-10-31T14:58:39Z" finished-at="2018-10-31T14:58:39Z">
          <reporter-output>
          </reporter-output>
        </test-method> <!-- testDelete_negative -->
        <test-method status="FAIL" signature="testDelete_positive()[pri:0, instance:com.objectfrontier.training.java.jdbc.test.AddressServiceTest@234bef66]" name="testDelete_positive" duration-ms="16" started-at="2018-10-31T14:58:39Z" finished-at="2018-10-31T14:58:39Z">
          <exception class="java.lang.AssertionError">
            <message>
              <![CDATA[No address found in this ID 7]]>
            </message>
            <full-stacktrace>
              <![CDATA[java.lang.AssertionError: No address found in this ID 7
	at org.testng.Assert.fail(Assert.java:94)
	at com.objectfrontier.training.java.jdbc.test.AddressServiceTest.testDelete_positive(AddressServiceTest.java:171)
	at com.objectfrontier.training.java.jdbc.test.AddressServiceTest.testDelete_positive(AddressServiceTest.java:161)
	at sun.reflect.NativeMethodAccessorImpl.invoke0(Native Method)
	at sun.reflect.NativeMethodAccessorImpl.invoke(NativeMethodAccessorImpl.java:62)
	at sun.reflect.DelegatingMethodAccessorImpl.invoke(DelegatingMethodAccessorImpl.java:43)
	at java.lang.reflect.Method.invoke(Method.java:498)
	at org.testng.internal.MethodInvocationHelper.invokeMethod(MethodInvocationHelper.java:86)
	at org.testng.internal.Invoker.invokeMethod(Invoker.java:645)
	at org.testng.internal.Invoker.invokeTestMethod(Invoker.java:822)
	at org.testng.internal.Invoker.invokeTestMethods(Invoker.java:1130)
	at org.testng.internal.TestMethodWorker.invokeTestMethods(TestMethodWorker.java:129)
	at org.testng.internal.TestMethodWorker.run(TestMethodWorker.java:112)
	at org.testng.TestRunner.privateRun(TestRunner.java:782)
	at org.testng.TestRunner.run(TestRunner.java:632)
	at org.testng.SuiteRunner.runTest(SuiteRunner.java:366)
	at org.testng.SuiteRunner.runSequentially(SuiteRunner.java:361)
	at org.testng.SuiteRunner.privateRun(SuiteRunner.java:319)
	at org.testng.SuiteRunner.run(SuiteRunner.java:268)
	at org.testng.SuiteRunnerWorker.runSuite(SuiteRunnerWorker.java:52)
	at org.testng.SuiteRunnerWorker.run(SuiteRunnerWorker.java:86)
	at org.testng.TestNG.runSuitesSequentially(TestNG.java:1244)
	at org.testng.TestNG.runSuitesLocally(TestNG.java:1169)
	at org.testng.TestNG.run(TestNG.java:1064)
	at org.testng.remote.AbstractRemoteTestNG.run(AbstractRemoteTestNG.java:114)
	at org.testng.remote.RemoteTestNG.initAndRun(RemoteTestNG.java:251)
	at org.testng.remote.RemoteTestNG.main(RemoteTestNG.java:77)
]]>
            </full-stacktrace>
          </exception> <!-- java.lang.AssertionError -->
          <reporter-output>
          </reporter-output>
        </test-method> <!-- testDelete_positive -->
        <test-method status="PASS" signature="testRead_negative()[pri:0, instance:com.objectfrontier.training.java.jdbc.test.AddressServiceTest@234bef66]" name="testRead_negative" duration-ms="15" started-at="2018-10-31T14:58:39Z" finished-at="2018-10-31T14:58:39Z">
          <reporter-output>
          </reporter-output>
        </test-method> <!-- testRead_negative -->
        <test-method status="PASS" signature="testRead_positive()[pri:0, instance:com.objectfrontier.training.java.jdbc.test.AddressServiceTest@234bef66]" name="testRead_positive" duration-ms="31" started-at="2018-10-31T14:58:39Z" finished-at="2018-10-31T14:58:39Z">
          <reporter-output>
          </reporter-output>
        </test-method> <!-- testRead_positive -->
        <test-method status="PASS" signature="testUpdate_negative()[pri:0, instance:com.objectfrontier.training.java.jdbc.test.AddressServiceTest@234bef66]" name="testUpdate_negative" duration-ms="16" started-at="2018-10-31T14:58:39Z" finished-at="2018-10-31T14:58:39Z">
          <reporter-output>
          </reporter-output>
        </test-method> <!-- testUpdate_negative -->
        <test-method status="FAIL" signature="testUpdate_positive()[pri:0, instance:com.objectfrontier.training.java.jdbc.test.AddressServiceTest@234bef66]" name="testUpdate_positive" duration-ms="16" started-at="2018-10-31T14:58:39Z" finished-at="2018-10-31T14:58:39Z">
          <exception class="java.lang.AssertionError">
            <message>
              <![CDATA[ID not found]]>
            </message>
            <full-stacktrace>
              <![CDATA[java.lang.AssertionError: ID not found
	at org.testng.Assert.fail(Assert.java:94)
	at com.objectfrontier.training.java.jdbc.test.AddressServiceTest.testUpdate_positive(AddressServiceTest.java:86)
	at com.objectfrontier.training.java.jdbc.test.AddressServiceTest.testUpdate_positive(AddressServiceTest.java:76)
	at sun.reflect.NativeMethodAccessorImpl.invoke0(Native Method)
	at sun.reflect.NativeMethodAccessorImpl.invoke(NativeMethodAccessorImpl.java:62)
	at sun.reflect.DelegatingMethodAccessorImpl.invoke(DelegatingMethodAccessorImpl.java:43)
	at java.lang.reflect.Method.invoke(Method.java:498)
	at org.testng.internal.MethodInvocationHelper.invokeMethod(MethodInvocationHelper.java:86)
	at org.testng.internal.Invoker.invokeMethod(Invoker.java:645)
	at org.testng.internal.Invoker.invokeTestMethod(Invoker.java:822)
	at org.testng.internal.Invoker.invokeTestMethods(Invoker.java:1130)
	at org.testng.internal.TestMethodWorker.invokeTestMethods(TestMethodWorker.java:129)
	at org.testng.internal.TestMethodWorker.run(TestMethodWorker.java:112)
	at org.testng.TestRunner.privateRun(TestRunner.java:782)
	at org.testng.TestRunner.run(TestRunner.java:632)
	at org.testng.SuiteRunner.runTest(SuiteRunner.java:366)
	at org.testng.SuiteRunner.runSequentially(SuiteRunner.java:361)
	at org.testng.SuiteRunner.privateRun(SuiteRunner.java:319)
	at org.testng.SuiteRunner.run(SuiteRunner.java:268)
	at org.testng.SuiteRunnerWorker.runSuite(SuiteRunnerWorker.java:52)
	at org.testng.SuiteRunnerWorker.run(SuiteRunnerWorker.java:86)
	at org.testng.TestNG.runSuitesSequentially(TestNG.java:1244)
	at org.testng.TestNG.runSuitesLocally(TestNG.java:1169)
	at org.testng.TestNG.run(TestNG.java:1064)
	at org.testng.remote.AbstractRemoteTestNG.run(AbstractRemoteTestNG.java:114)
	at org.testng.remote.RemoteTestNG.initAndRun(RemoteTestNG.java:251)
	at org.testng.remote.RemoteTestNG.main(RemoteTestNG.java:77)
]]>
            </full-stacktrace>
          </exception> <!-- java.lang.AssertionError -->
          <reporter-output>
          </reporter-output>
        </test-method> <!-- testUpdate_positive -->
      </class> <!-- com.objectfrontier.training.java.jdbc.test.AddressServiceTest -->
    </test> <!-- Default test -->
  </suite> <!-- Default suite -->
</testng-results>
